<?xml version="1.0" encoding="UTF-8"?>
<!-- Generated by org.testng.reporters.JUnitReportReporter -->
<testsuite hostname="DESKTOP-T1OTQ1E" failures="0" tests="1" name="com.selenium.Action_CIS_Method" time="34.564" errors="0" timestamp="2022-07-28T20:56:18 IST" skipped="0">
  <testcase classname="com.selenium.Action_CIS_Method" name="keys" time="34.564"/>
  <system-out/>
</testsuite> <!-- com.selenium.Action_CIS_Method -->
