<?xml version="1.0" encoding="UTF-8"?>
<!-- Generated by org.testng.reporters.JUnitReportReporter -->
<testsuite hostname="DESKTOP-T1OTQ1E" failures="0" tests="1" name="com.selenium.Create_Account" time="92.827" errors="0" timestamp="2022-07-19T11:13:01 IST" skipped="0">
  <testcase classname="com.selenium.Create_Account" name="signup" time="92.827"/>
  <system-out/>
</testsuite> <!-- com.selenium.Create_Account -->
