<?xml version="1.0" encoding="UTF-8"?>
<!-- Generated by org.testng.reporters.JUnitReportReporter -->
<testsuite hostname="DESKTOP-T1OTQ1E" failures="0" tests="1" name="com.selenium.Get_Method_Display" time="27.559" errors="0" timestamp="2022-07-22T22:43:02 IST" skipped="0">
  <testcase classname="com.selenium.Get_Method_Display" name="XCoordinate" time="27.559"/>
  <system-out/>
</testsuite> <!-- com.selenium.Get_Method_Display -->
