<?xml version="1.0" encoding="UTF-8"?>
<!-- Generated by org.testng.reporters.JUnitReportReporter -->
<testsuite hostname="DESKTOP-T1OTQ1E" failures="0" tests="1" name="com.selenium.linkVisble" time="8.138" errors="0" timestamp="2022-08-02T23:23:32 IST" skipped="0">
  <testcase classname="com.selenium.linkVisble" name="visibleLink_invisibleLink" time="8.138"/>
  <system-out/>
</testsuite> <!-- com.selenium.linkVisble -->
