<?xml version="1.0" encoding="UTF-8"?>
<!-- Generated by org.testng.reporters.JUnitReportReporter -->
<testsuite hostname="DESKTOP-T1OTQ1E" failures="0" tests="1" name="com.selenium.Take_Screenshot" time="25.686" errors="0" timestamp="2022-07-25T23:50:39 IST" skipped="0">
  <testcase classname="com.selenium.Take_Screenshot" name="screenshot" time="25.686"/>
  <system-out/>
</testsuite> <!-- com.selenium.Take_Screenshot -->
