<?xml version="1.0" encoding="UTF-8"?>
<!-- Generated by org.testng.reporters.JUnitReportReporter -->
<testsuite hostname="DESKTOP-T1OTQ1E" failures="0" tests="1" name="com.selenium.LaunchBrowers" time="84.384" errors="0" timestamp="2022-07-19T10:37:31 IST" skipped="0">
  <testcase classname="com.selenium.LaunchBrowers" name="launch" time="84.384"/>
  <system-out/>
</testsuite> <!-- com.selenium.LaunchBrowers -->
