<?xml version="1.0" encoding="UTF-8"?>
<!-- Generated by org.testng.reporters.JUnitReportReporter -->
<testsuite hostname="DESKTOP-T1OTQ1E" failures="0" tests="1" name="com.selenium.Handling_Frames" time="80.717" errors="0" timestamp="2022-08-01T10:32:05 IST" skipped="0">
  <testcase classname="com.selenium.Handling_Frames" name="frames" time="80.717"/>
  <system-out/>
</testsuite> <!-- com.selenium.Handling_Frames -->
