<?xml version="1.0" encoding="UTF-8"?>
<!-- Generated by org.testng.reporters.JUnitReportReporter -->
<testsuite hostname="DESKTOP-T1OTQ1E" failures="0" tests="1" name="com.selenium.Facebook_Login" time="63.985" errors="0" timestamp="2022-07-17T15:25:28 IST" skipped="0">
  <testcase classname="com.selenium.Facebook_Login" name="login" time="63.985"/>
  <system-out/>
</testsuite> <!-- com.selenium.Facebook_Login -->
