<?xml version="1.0" encoding="UTF-8"?>
<!-- Generated by org.testng.reporters.JUnitReportReporter -->
<testsuite hostname="DESKTOP-T1OTQ1E" failures="0" tests="1" name="com.selenium.HiddenDivisionpopup" time="104.134" errors="0" timestamp="2022-07-29T23:38:45 IST" skipped="0">
  <testcase classname="com.selenium.HiddenDivisionpopup" name="main" time="104.134"/>
  <system-out/>
</testsuite> <!-- com.selenium.HiddenDivisionpopup -->
