<?xml version="1.0" encoding="UTF-8"?>
<!-- Generated by org.testng.reporters.JUnitReportReporter -->
<testsuite hostname="DESKTOP-T1OTQ1E" failures="0" tests="1" name="com.selenium.Expected_Page_Displayed" time="86.789" errors="0" timestamp="2022-07-22T00:17:34 IST" skipped="0">
  <testcase classname="com.selenium.Expected_Page_Displayed" name="expectedPage" time="86.789"/>
  <system-out/>
</testsuite> <!-- com.selenium.Expected_Page_Displayed -->
