<?xml version="1.0" encoding="UTF-8"?>
<!-- Generated by org.testng.reporters.JUnitReportReporter -->
<testsuite hostname="DESKTOP-T1OTQ1E" failures="0" tests="1" name="com.selenium.Fb_Hight_Width" time="21.710" errors="0" timestamp="2022-07-25T22:15:30 IST" skipped="0">
  <testcase classname="com.selenium.Fb_Hight_Width" name="unAndPwd_Hight_Width" time="21.710"/>
  <system-out/>
</testsuite> <!-- com.selenium.Fb_Hight_Width -->
