<?xml version="1.0" encoding="UTF-8"?>
<!-- Generated by org.testng.reporters.JUnitReportReporter -->
<testsuite hostname="DESKTOP-T1OTQ1E" failures="0" tests="1" name="com.selenium.Java_Excutor" time="39.004" errors="0" timestamp="2022-07-26T20:29:57 IST" skipped="0">
  <testcase classname="com.selenium.Java_Excutor" name="enterText_intoDisabledTextbox" time="39.004"/>
  <system-out/>
</testsuite> <!-- com.selenium.Java_Excutor -->
