<?xml version="1.0" encoding="UTF-8"?>
<!-- Generated by org.testng.reporters.JUnitReportReporter -->
<testsuite hostname="DESKTOP-T1OTQ1E" failures="0" tests="1" name="com.selenium.Xpath_Facebook_Login" time="36.195" errors="0" timestamp="2022-07-20T23:58:22 IST" skipped="0">
  <testcase classname="com.selenium.Xpath_Facebook_Login" name="login" time="36.195"/>
  <system-out/>
</testsuite> <!-- com.selenium.Xpath_Facebook_Login -->
