<?xml version="1.0" encoding="UTF-8"?>
<!-- Generated by org.testng.reporters.JUnitReportReporter -->
<testsuite hostname="DESKTOP-T1OTQ1E" failures="0" tests="1" name="com.selenium.Xpath_Facebook_Signup" time="64.915" errors="0" timestamp="2022-07-21T23:39:17 IST" skipped="0">
  <testcase classname="com.selenium.Xpath_Facebook_Signup" name="facebook_signup" time="64.915"/>
  <system-out/>
</testsuite> <!-- com.selenium.Xpath_Facebook_Signup -->
