<?xml version="1.0" encoding="UTF-8"?>
<!-- Generated by org.testng.reporters.JUnitReportReporter -->
<testsuite hostname="DESKTOP-T1OTQ1E" failures="0" tests="1" name="com.selenium.Wait" time="80.365" errors="0" timestamp="2022-08-02T21:13:20 IST" skipped="0">
  <testcase classname="com.selenium.Wait" name="explicit" time="80.365"/>
  <system-out/>
</testsuite> <!-- com.selenium.Wait -->
