<?xml version="1.0" encoding="UTF-8"?>
<!-- Generated by org.testng.reporters.JUnitReportReporter -->
<testsuite hostname="DESKTOP-T1OTQ1E" failures="0" tests="1" name="com.selenium.Robot_Class_Methods" time="46.582" errors="0" timestamp="2022-07-20T23:37:57 IST" skipped="0">
  <testcase classname="com.selenium.Robot_Class_Methods" name="mouseAndKeyboard" time="46.582"/>
  <system-out/>
</testsuite> <!-- com.selenium.Robot_Class_Methods -->
