<?xml version="1.0" encoding="UTF-8"?>
<!-- Generated by org.testng.reporters.JUnitReportReporter -->
<testsuite hostname="DESKTOP-T1OTQ1E" failures="0" tests="1" name="com.selenium.handle_Windows" time="27.582" errors="0" timestamp="2022-08-02T23:32:03 IST" skipped="0">
  <testcase classname="com.selenium.handle_Windows" name="close_Parent_Window" time="27.582"/>
  <system-out/>
</testsuite> <!-- com.selenium.handle_Windows -->
