<?xml version="1.0" encoding="UTF-8"?>
<!-- Generated by org.testng.reporters.JUnitReportReporter -->
<testsuite hostname="DESKTOP-T1OTQ1E" failures="0" tests="1" name="com.selenium.handle_Windows" time="13.419" errors="0" timestamp="2022-08-03T23:08:47 IST" skipped="0">
  <testcase classname="com.selenium.handle_Windows" name="autosuggestionEx_GoogleSearch" time="13.419"/>
  <system-out/>
</testsuite> <!-- com.selenium.handle_Windows -->
